0s
Run cd /ansible/GITHUB_RUNNER/actions-runner3/_work3/IBPS-Deployment/IBPS-Deployment
total 68
drwxrwxr-x 7 itansops itansops   236 Jan  4 16:00 .
drwxrwxr-x 3 itansops itansops    29 Jan  4 15:21 ..
-rw-rw-r-- 1 itansops itansops   359 Jan  4 15:57 ansible.cfg
-rwxrwxr-x 1 itansops itansops  2176 Jan  4 15:57 deploy.sh
drwxrwxr-x 3 itansops itansops    23 Jan  4 15:57 .github
-rw-rw-r-- 1 itansops itansops   111 Jan  4 15:57 hosts.cfg
drwxrwxr-x 6 itansops itansops    89 Jan  4 15:57 IBPS_SAMPLE_EAR
-rw-rw-r-- 1 itansops itansops   111 Jan  4 15:57 inventory.ini
drwxrwxr-x 2 itansops itansops    33 Jan  4 15:57 playbook
-rw-rw-r-- 1 itansops itansops    17 Jan  4 15:57 README.md
drwxrwxr-x 3 itansops itansops    50 Jan  4 15:57 release
-rw-rw-r-- 1 itansops itansops   107 Jan  4 15:57 release.txt
-rw-rw-r-- 1 itansops itansops 40087 Jan  4 15:57 release.zip
drwxrwxr-x 3 itansops itansops    29 Jan  4 15:57 roles
-rwxrwxr-x 1 itansops itansops  1070 Jan  4 15:57 rollback.sh
ansible-playbook 2.8.18
  config file = /ansible/GITHUB_RUNNER/actions-runner3/_work3/IBPS-Deployment/IBPS-Deployment/ansible.cfg
  configured module search path = ['/home/itansops/.ansible/plugins/modules', '/usr/share/ansible/plugins/modules']
  ansible python module location = /usr/lib/python3.6/site-packages/ansible
  executable location = /usr/bin/ansible-playbook
  python version = 3.6.8 (default, Jan 14 2022, 11:04:20) [GCC 8.5.0 20210514 (Red Hat 8.5.0-7)]
Using /ansible/GITHUB_RUNNER/actions-runner3/_work3/IBPS-Deployment/IBPS-Deployment/ansible.cfg as config file
host_list declined parsing /ansible/GITHUB_RUNNER/actions-runner3/_work3/IBPS-Deployment/IBPS-Deployment/inventory.ini as it did not pass it's verify_file() method
script declined parsing /ansible/GITHUB_RUNNER/actions-runner3/_work3/IBPS-Deployment/IBPS-Deployment/inventory.ini as it did not pass it's verify_file() method
auto declined parsing /ansible/GITHUB_RUNNER/actions-runner3/_work3/IBPS-Deployment/IBPS-Deployment/inventory.ini as it did not pass it's verify_file() method
yaml declined parsing /ansible/GITHUB_RUNNER/actions-runner3/_work3/IBPS-Deployment/IBPS-Deployment/inventory.ini as it did not pass it's verify_file() method
Parsed /ansible/GITHUB_RUNNER/actions-runner3/_work3/IBPS-Deployment/IBPS-Deployment/inventory.ini inventory source with ini plugin

PLAYBOOK: IBPS-deployment.yml **************************************************
1 plays in ./playbook/IBPS-deployment.yml

PLAY [ANT3CASAPPS01] ***********************************************************
META: ran handlers

TASK [Execute deployment script] ***********************************************
task path: /ansible/GITHUB_RUNNER/actions-runner3/_work3/IBPS-Deployment/IBPS-Deployment/playbook/IBPS-deployment.yml:6
fatal: [ANT3CASAPPS01]: FAILED! => {
    "msg": "The task includes an option with an undefined variable. The error was: 'deployment_directory' is undefined\n\nThe error appears to be in '/ansible/GITHUB_RUNNER/actions-runner3/_work3/IBPS-Deployment/IBPS-Deployment/playbook/IBPS-deployment.yml': line 6, column 7, but may\nbe elsewhere in the file depending on the exact syntax problem.\n\nThe offending line appears to be:\n\n  tasks:\n    - name: Execute deployment script\n      ^ here\n"
}
...ignoring

TASK [Rollback on Deployment Failure] ******************************************
task path: /ansible/GITHUB_RUNNER/actions-runner3/_work3/IBPS-Deployment/IBPS-Deployment/playbook/IBPS-deployment.yml:14
fatal: [ANT3CASAPPS01]: FAILED! => {
    "msg": "The task includes an option with an undefined variable. The error was: 'deployment_directory' is undefined\n\nThe error appears to be in '/ansible/GITHUB_RUNNER/actions-runner3/_work3/IBPS-Deployment/IBPS-Deployment/playbook/IBPS-deployment.yml': line 14, column 7, but may\nbe elsewhere in the file depending on the exact syntax problem.\n\nThe offending line appears to be:\n\n\n    - name: Rollback on Deployment Failure\n      ^ here\n"
}

PLAY RECAP *********************************************************************
ANT3CASAPPS01              : ok=1    changed=0    unreachable=0    failed=1    skipped=0    rescued=0    ignored=1   

Error: Process completed with exit code 2.
